Watching for file changes with StatReloader
Forbidden: /api/auth/current_user/
[18/Nov/2025 01:57:47] "GET /api/auth/current_user/ HTTP/1.1" 403 58
Forbidden: /api/auth/current_user/
[18/Nov/2025 01:57:47] "GET /api/auth/current_user/ HTTP/1.1" 403 58
Forbidden: /api/auth/current_user/
[18/Nov/2025 01:57:47] "GET /api/auth/current_user/ HTTP/1.1" 403 58
Forbidden: /api/auth/current_user/
[18/Nov/2025 01:57:47] "GET /api/auth/current_user/ HTTP/1.1" 403 58
Forbidden: /api/auth/login/
[18/Nov/2025 01:58:09] "POST /api/auth/login/ HTTP/1.1" 403 109
/home/dreamer/business-dashboard/sales/views.py changed, reloading.
Performing system checks...

System check identified no issues (0 silenced).
November 18, 2025 - 01:56:00
Django version 5.2.7, using settings 'config.settings'
Starting development server at http://0.0.0.0:8000/
Quit the server with CONTROL-C.

WARNING: This is a development server. Do not use it in a production setting. Use a production WSGI or ASGI server instead.
For more information on production servers see: https://docs.djangoproject.com/en/5.2/howto/deployment/
Watching for file changes with StatReloader
